[debug] [2024-05-23T17:45:19.501Z] ----------------------------------------------------------------------
[debug] [2024-05-23T17:45:19.506Z] Command:       C:\Program Files\nodejs\node.exe C:\Users\melqu\AppData\Roaming\npm\node_modules\firebase-tools\lib\bin\firebase.js projects:list --json
[debug] [2024-05-23T17:45:19.507Z] CLI Version:   13.10.0
[debug] [2024-05-23T17:45:19.507Z] Platform:      win32
[debug] [2024-05-23T17:45:19.508Z] Node Version:  v18.12.1
[debug] [2024-05-23T17:45:19.510Z] Time:          Thu May 23 2024 14:45:19 GMT-0300 (Horário Padrão de Brasília)
[debug] [2024-05-23T17:45:19.510Z] ----------------------------------------------------------------------
[debug] 
[debug] [2024-05-23T17:45:19.525Z] > command requires scopes: ["email","openid","https://www.googleapis.com/auth/cloudplatformprojects.readonly","https://www.googleapis.com/auth/firebase","https://www.googleapis.com/auth/cloud-platform"]
[debug] [2024-05-23T17:45:19.526Z] > authorizing via signed-in user (melquetrindade479@gmail.com)
[debug] [2024-05-23T17:45:19.535Z] > refreshing access token with scopes: []
[debug] [2024-05-23T17:45:19.540Z] >>> [apiv2][query] POST https://www.googleapis.com/oauth2/v3/token [none]
[debug] [2024-05-23T17:45:19.540Z] >>> [apiv2][body] POST https://www.googleapis.com/oauth2/v3/token [omitted]
[debug] [2024-05-23T17:45:19.964Z] <<< [apiv2][status] POST https://www.googleapis.com/oauth2/v3/token 400
[debug] [2024-05-23T17:45:19.965Z] <<< [apiv2][body] POST https://www.googleapis.com/oauth2/v3/token [omitted]
[debug] [2024-05-23T17:45:19.971Z] >>> [apiv2][query] GET https://firebase.googleapis.com/v1beta1/projects pageSize=1000
[debug] [2024-05-23T17:45:20.254Z] <<< [apiv2][status] GET https://firebase.googleapis.com/v1beta1/projects 401
[debug] [2024-05-23T17:45:20.254Z] <<< [apiv2][body] GET https://firebase.googleapis.com/v1beta1/projects [omitted]
[debug] [2024-05-23T17:45:20.258Z] HTTP Error: 401, Request had invalid authentication credentials. Expected OAuth 2 access token, login cookie or other valid authentication credential. See https://developers.google.com/identity/sign-in/web/devconsole-project.
[debug] [2024-05-23T17:45:20.540Z] FirebaseError: HTTP Error: 401, Request had invalid authentication credentials. Expected OAuth 2 access token, login cookie or other valid authentication credential. See https://developers.google.com/identity/sign-in/web/devconsole-project.
    at responseToError (C:\Users\melqu\AppData\Roaming\npm\node_modules\firebase-tools\lib\responseToError.js:49:12)
    at RetryOperation._fn (C:\Users\melqu\AppData\Roaming\npm\node_modules\firebase-tools\lib\apiv2.js:305:77)
    at process.processTicksAndRejections (node:internal/process/task_queues:95:5)
[error] 
[error] Error: Failed to list Firebase projects. See firebase-debug.log for more info.
